__   _ __      _  __

       / /  (_) /____ | |/_/

      / /__/ / __/ -_)>  <

     /____/_/\__/\__/_/|_|

   Build your hardware, easily!


 (c) Copyright 2012-2026 Enjoy-Digital

 (c) Copyright 2007-2015 M-Labs


 BIOS built on Jul  2 2026 19:53:30

 BIOS CRC passed (2fc16e76)


 LiteX git sha1: a1e1c36


--================ SoC =================--

CPU:		NaxRiscv 32-bit @ 1MHz

BUS:		wishbone 32-bit data/32-bit addr

CSR:		32-bit data big ordering

ROM:		128.0KiB

SRAM:		8.0KiB


--================ Boot ================--

Booting from serial...

Press Q or ESC to abort boot completely.

sL5DdSMmkekro
Timeout

No boot medium found


--============== Console ===============--


litex>
